<?xml version="1.0" encoding="UTF-8"?>
<!-- Generated by org.testng.reporters.JUnitXMLReporter -->
<testsuite ignored="4" hostname="PC07" failures="1" tests="1" name="Test" time="0.077" errors="0" timestamp="2022-12-28T09:56:02 IST">
  <testcase classname="material.itemmstvaldation" name="itmvaldn" time="0.038">
    <failure type="java.lang.NullPointerException" message="Cannot invoke &amp;quot;org.openqa.selenium.SearchContext.findElement(org.openqa.selenium.By)&amp;quot; because &amp;quot;this.searchContext&amp;quot; is null">
      <![CDATA[java.lang.NullPointerException: Cannot invoke "org.openqa.selenium.SearchContext.findElement(org.openqa.selenium.By)" because "this.searchContext" is null
at org.openqa.selenium.support.pagefactory.DefaultElementLocator.findElement(DefaultElementLocator.java:70)
at org.openqa.selenium.support.pagefactory.internal.LocatingElementHandler.invoke(LocatingElementHandler.java:39)
at jdk.proxy2/jdk.proxy2.$Proxy14.sendKeys(Unknown Source)
at com.utility.Library.login(Library.java:145)
at material.itemmstvaldation.itmvaldn(itemmstvaldation.java:32)
at java.base/java.util.ArrayList.forEach(ArrayList.java:1511)
... Removed 25 stack frames]]>
    </failure>
  </testcase> <!-- itmvaldn -->
  <testcase classname="material.itemmstvaldation" name="eightentryadd" time="0.0">
    <ignored/>
  </testcase> <!-- eightentryadd -->
  <testcase classname="material.itemmstvaldation" name="itmmstclssubclsvaldn" time="0.0">
    <ignored/>
  </testcase> <!-- itmmstclssubclsvaldn -->
  <testcase classname="material.itemmstvaldation" name="itemupdate" time="0.0">
    <ignored/>
  </testcase> <!-- itemupdate -->
  <testcase classname="material.itemmstvaldation" name="itemmasteruom" time="0.0">
    <ignored/>
  </testcase> <!-- itemmasteruom -->
</testsuite> <!-- Test -->
