<?xml version="1.0" encoding="UTF-8"?>
<!-- Generated by org.testng.reporters.JUnitXMLReporter -->
<testsuite ignored="1" hostname="PC106" failures="1" tests="1" name="Teste" time="69.063" errors="0" timestamp="2022-11-21T15:15:09 IST">
  <testcase classname="COM.TEST.Login" name="m1" time="42.837">
    <failure type="org.openqa.selenium.ElementClickInterceptedException" message="element click intercepted: Element &amp;lt;input role=&amp;quot;combobox&amp;quot; type=&amp;quot;text&amp;quot; autocomplete=&amp;quot;ac7a688bb731&amp;quot; autocorrect=&amp;quot;off&amp;quot; autocapitalize=&amp;quot;off&amp;quot; aria-expanded=&amp;quot;false&amp;quot;&amp;gt; is not clickable at point (93, 446). Other element would receive the click: &amp;lt;div _ngcontent-btv-c5=&amp;quot;&amp;quot; class=&amp;quot;ngx-overlay loading-foreground&amp;quot; style=&amp;quot;background-color: rgba(40, 40, 40, 0.8); border-radius: 0px;&amp;quot;&amp;gt;...&amp;lt;/div&amp;gt;
  (Session info: MicrosoftEdge=107.0.1418.52)
Build info: version: &amp;apos;3.141.59&amp;apos;, revision: &amp;apos;e82be7d358&amp;apos;, time: &amp;apos;2018-11-14T08:17:03&amp;apos;
System info: host: &amp;apos;PC106&amp;apos;, ip: &amp;apos;192.168.0.171&amp;apos;, os.name: &amp;apos;Windows 10&amp;apos;, os.arch: &amp;apos;amd64&amp;apos;, os.version: &amp;apos;10.0&amp;apos;, java.version: &amp;apos;19.0.1&amp;apos;
Driver info: org.openqa.selenium.edge.EdgeDriver
Capabilities {acceptInsecureCerts: false, browserName: msedge, browserVersion: 107.0.1418.52, javascriptEnabled: true, ms:edgeOptions: {debuggerAddress: localhost:61680}, msedge: {msedgedriverVersion: 107.0.1418.52 (bd1735e913fc..., userDataDir: C:\Users\ankush\AppData\Loc...}, networkConnectionEnabled: false, pageLoadStrategy: normal, platform: WINDOWS, platformName: WINDOWS, proxy: Proxy(), setWindowRect: true, strictFileInteractability: false, timeouts: {implicit: 0, pageLoad: 300000, script: 30000}, unhandledPromptBehavior: dismiss and notify, webauthn:extension:credBlob: true, webauthn:extension:largeBlob: true, webauthn:virtualAuthenticators: true}
Session ID: e28b5f2eb725b1a7890c6e8ae6b82343">
      <![CDATA[org.openqa.selenium.ElementClickInterceptedException: element click intercepted: Element <input role="combobox" type="text" autocomplete="ac7a688bb731" autocorrect="off" autocapitalize="off" aria-expanded="false"> is not clickable at point (93, 446). Other element would receive the click: <div _ngcontent-btv-c5="" class="ngx-overlay loading-foreground" style="background-color: rgba(40, 40, 40, 0.8); border-radius: 0px;">...</div>
  (Session info: MicrosoftEdge=107.0.1418.52)
Build info: version: '3.141.59', revision: 'e82be7d358', time: '2018-11-14T08:17:03'
System info: host: 'PC106', ip: '192.168.0.171', os.name: 'Windows 10', os.arch: 'amd64', os.version: '10.0', java.version: '19.0.1'
Driver info: org.openqa.selenium.edge.EdgeDriver
Capabilities {acceptInsecureCerts: false, browserName: msedge, browserVersion: 107.0.1418.52, javascriptEnabled: true, ms:edgeOptions: {debuggerAddress: localhost:61680}, msedge: {msedgedriverVersion: 107.0.1418.52 (bd1735e913fc..., userDataDir: C:\Users\ankush\AppData\Loc...}, networkConnectionEnabled: false, pageLoadStrategy: normal, platform: WINDOWS, platformName: WINDOWS, proxy: Proxy(), setWindowRect: true, strictFileInteractability: false, timeouts: {implicit: 0, pageLoad: 300000, script: 30000}, unhandledPromptBehavior: dismiss and notify, webauthn:extension:credBlob: true, webauthn:extension:largeBlob: true, webauthn:virtualAuthenticators: true}
Session ID: e28b5f2eb725b1a7890c6e8ae6b82343
at org.openqa.selenium.remote.http.W3CHttpResponseCodec.createException(W3CHttpResponseCodec.java:187)
at org.openqa.selenium.remote.http.W3CHttpResponseCodec.decode(W3CHttpResponseCodec.java:122)
at org.openqa.selenium.remote.http.W3CHttpResponseCodec.decode(W3CHttpResponseCodec.java:49)
at org.openqa.selenium.remote.HttpCommandExecutor.execute(HttpCommandExecutor.java:158)
at org.openqa.selenium.remote.service.DriverCommandExecutor.execute(DriverCommandExecutor.java:83)
at org.openqa.selenium.remote.RemoteWebDriver.execute(RemoteWebDriver.java:552)
at org.openqa.selenium.remote.RemoteWebElement.execute(RemoteWebElement.java:285)
at org.openqa.selenium.remote.RemoteWebElement.click(RemoteWebElement.java:84)
at com.utility.Library.Comboclick(Library.java:63)
at COM.TEST.Login.m1(Login.java:75)
at java.base/java.util.ArrayList.forEach(ArrayList.java:1511)
... Removed 28 stack frames]]>
    </failure>
  </testcase> <!-- m1 -->
  <testcase classname="COM.TEST.Login" name="material" time="0.0">
    <ignored/>
  </testcase> <!-- material -->
</testsuite> <!-- Teste -->
