<?xml version="1.0" encoding="UTF-8"?>
<testsuite xmlns:xsi="http://www.w3.org/2001/XMLSchema-instance" xsi:noNamespaceSchemaLocation="https://maven.apache.org/surefire/maven-surefire-plugin/xsd/surefire-test-report-3.0.xsd" version="3.0" name="TestSuite" time="1,642.581" tests="3" errors="0" skipped="0" failures="0">
  <properties>
[...]
</properties>
  <testcase name="Login" classname="purchase.LabourRateContractEntry" time="14.662">
    <system-out><![CDATA[Thu Feb 09 15:32:32 IST 2023
D:\ANKUSH\NEW_HORIZON\Reports\indexThu_Feb_09_15_32_32_IST_2023.html
D:\ANKUSH\NEW_HORIZON\ConfigFiles\LOGIN.properties
URL==http://192.168.0.147:8014/login
 test case  Started
D:\ANKUSH\NEW_HORIZON\ConfigFiles\LOGIN.properties
]]></system-out>
    <system-err><![CDATA[SLF4J: Failed to load class "org.slf4j.impl.StaticLoggerBinder".
SLF4J: Defaulting to no-operation (NOP) logger implementation
SLF4J: See http://www.slf4j.org/codes.html#StaticLoggerBinder for further details.
Starting ChromeDriver 109.0.5414.74 (e7c5703604daa9cc128ccf5a5d3e993513758913-refs/branch-heads/5414@{#1172}) on port 16007
Only local connections are allowed.
Please see https://chromedriver.chromium.org/security-considerations for suggestions on keeping ChromeDriver safe.
ChromeDriver was started successfully.
Feb 09, 2023 3:32:35 PM org.openqa.selenium.devtools.CdpVersionFinder findNearestMatch
WARNING: Unable to find an exact match for CDP version 109, so returning the closest version found: 107
]]></system-err>
  </testcase>
  <testcase name="LRC001" classname="purchase.LabourRateContractEntry" time="412.85">
    <system-out><![CDATA[ test case  complited
 test case  Started
D:\ANKUSH\NEW_HORIZON\ExcelFiles\purchase\LabourRateContractEntry.xlsx
Thread succsfully applied time ==3000ms
Thread succsfully applied time ==15000ms
Wait Statement Succesfully ExceutedS
Click Sucessfully====Calendor Field
[[ChromeDriver: chrome on WINDOWS (48eca6c056510b247dea537c871e402a)] -> xpath: //div[contains(@class,'jqx-calendar-title-content jqx-calendar-title-content-imms')]]
February
2023
Click Sucessfully====previous
January 2023
January
2023
Click Sucessfully====previous
December 2022
December
2022
Click Sucessfully====previous
November 2022
November
2022
Click Sucessfully====previous
October 2022
October
2022
Click Sucessfully==5==October 2022Date_
Thread succsfully applied time ==3000ms
Wait Statement Succesfully ExceutedS
Click Sucessfully====Calendor Field
[[ChromeDriver: chrome on WINDOWS (48eca6c056510b247dea537c871e402a)] -> xpath: (//div[contains(@class,'jqx-calendar-title-content jqx-calendar-title-content-imms')])[3]]
February
2023
Click Sucessfully====previous
January 2023
January
2023
Click Sucessfully====previous
December 2022
December
2022
Click Sucessfully====previous
November 2022
November
2022
Click Sucessfully====previous
October 2022
October
2022
Click Sucessfully==31==October 2022Date_
Thread succsfully applied time ==6000ms
Thread succsfully applied time ==5000ms
Click Sucessfully====Item code searchbtn
Click Sucessfully====itemsearchbtn
element click intercepted: Element <button _ngcontent-hbl-c10="" class="btn btn-outline-secondary btn-search border-0" type="button">...</button> is not clickable at point (416, 268). Other element would receive the click: <div columnindex="1" role="gridcell" style="left: 100px; z-index: 87; width:150px;" class="jqx-grid-cell jqx-grid-cell-imms jqx-item jqx-item-imms">...</div>
  (Session info: chrome=109.0.5414.120)
Build info: version: '4.6.0', revision: '79f1c02ae20'
System info: os.name: 'Windows 10', os.arch: 'amd64', os.version: '10.0', java.version: '17.0.6'
Driver info: org.openqa.selenium.chrome.ChromeDriver
Command: [48eca6c056510b247dea537c871e402a, clickElement {id=f1277af8-3cfe-4ff6-ba38-78d42a3b8d5a}]
Capabilities {acceptInsecureCerts: false, browserName: chrome, browserVersion: 109.0.5414.120, chrome: {chromedriverVersion: 109.0.5414.74 (e7c5703604da..., userDataDir: C:\Users\Ankush\AppData\Loc...}, goog:chromeOptions: {debuggerAddress: localhost:55512}, networkConnectionEnabled: false, pageLoadStrategy: normal, platformName: WINDOWS, proxy: Proxy(), se:cdp: ws://localhost:55512/devtoo..., se:cdpVersion: 109.0.5414.120, setWindowRect: true, strictFileInteractability: false, timeouts: {implicit: 0, pageLoad: 300000, script: 30000}, unhandledPromptBehavior: dismiss and notify, webauthn:extension:credBlob: true, webauthn:extension:largeBlob: true, webauthn:virtualAuthenticators: true}
Element: [[ChromeDriver: chrome on WINDOWS (48eca6c056510b247dea537c871e402a)] -> xpath: //button[@class='btn btn-outline-secondary btn-search border-0']]
Session ID: 48eca6c056510b247dea537c871e402a
Thread succsfully applied time ==17000ms
The Option Name Is ==HITESH K PATEL
Wait Succesfully Applied On Field
Thread succsfully applied time ==5000ms
Click Sucessfully==Next==Vendor Information NEXT BUTTON
Thread succsfully applied time ==5000ms
The Option Name Is ==PIG7
Wait Succesfully Applied On Field
Thread succsfully applied time ==5000ms
Click Sucessfully==Next==Purchase Order Delivery Next Button
Thread succsfully applied time ==5000ms
Click Sucessfully==Add New==Item Delivery ADD BUTTON
Thread succsfully applied time ==5000ms
Click Sucessfully====Item code searchbtn
EC - ELECTRO POLISHING
Wait Statement Succesfully ExceutedS
Wait Statement Succesfully ExceutedS
Click Sucessfully==EC - ELECTRO POLISHING
Wait Statement Succesfully ExceutedS
Click Sucessfully==FG
Click Sucessfully==Add New==Chield grid Add New Button
10112022
10/11/2022of the Item Code Quantity==100
0
Wait Statement Succesfully ExceutedS
Click Sucessfully====Quantity grid1
Click Sucessfully====Quantity grid1
Wait Statement Succesfully ExceutedS
Click Sucessfully==Delivery Field 1
cycle 0
15112022
15/11/2022of the Item Code Quantity==212
1
Click Sucessfully==Add New==Chield grid Add New Button
The Grid Quamtity @IS startrd
Wait Statement Succesfully ExceutedS
Click Sucessfully====Quantity grid2
element click intercepted: Element <div columnindex="5" role="gridcell" style="left: 360px; z-index: 68; width:150px;" class="jqx-grid-cell jqx-grid-cell-imms jqx-item jqx-item-imms jqx-grid-cell-edit jqx-grid-cell-edit-imms" title=""></div> is not clickable at point (450, 461). Other element would receive the click: <input autocomplete="off" style="border: 0px none; position: relative; float: left; padding: 9px 0px; text-align: right; height: 17px; width: 148px; margin-right: 2px;" type="textarea" class="jqx-input-content jqx-input-content-imms jqx-widget-content jqx-widget-content-imms" placeholder="">
  (Session info: chrome=109.0.5414.120)
Build info: version: '4.6.0', revision: '79f1c02ae20'
System info: os.name: 'Windows 10', os.arch: 'amd64', os.version: '10.0', java.version: '17.0.6'
Driver info: org.openqa.selenium.chrome.ChromeDriver
Command: [48eca6c056510b247dea537c871e402a, clickElement {id=1adc5f76-a24f-4a7f-89da-452b9f20c239}]
Capabilities {acceptInsecureCerts: false, browserName: chrome, browserVersion: 109.0.5414.120, chrome: {chromedriverVersion: 109.0.5414.74 (e7c5703604da..., userDataDir: C:\Users\Ankush\AppData\Loc...}, goog:chromeOptions: {debuggerAddress: localhost:55512}, networkConnectionEnabled: false, pageLoadStrategy: normal, platformName: WINDOWS, proxy: Proxy(), se:cdp: ws://localhost:55512/devtoo..., se:cdpVersion: 109.0.5414.120, setWindowRect: true, strictFileInteractability: false, timeouts: {implicit: 0, pageLoad: 300000, script: 30000}, unhandledPromptBehavior: dismiss and notify, webauthn:extension:credBlob: true, webauthn:extension:largeBlob: true, webauthn:virtualAuthenticators: true}
Element: [[ChromeDriver: chrome on WINDOWS (48eca6c056510b247dea537c871e402a)] -> xpath: (//div[contains(@id,'row1jqxWidget')]//div[@columnindex='5'])[1]]
Session ID: 48eca6c056510b247dea537c871e402a
Click Sucessfully====Quantity grid2
element click intercepted: Element <div columnindex="5" role="gridcell" style="left: 360px; z-index: 68; width:150px;" class="jqx-grid-cell jqx-grid-cell-imms jqx-item jqx-item-imms jqx-grid-cell-edit jqx-grid-cell-edit-imms" title=""></div> is not clickable at point (450, 461). Other element would receive the click: <input autocomplete="off" style="border: 0px none; position: relative; float: left; padding: 9px 0px; text-align: right; height: 17px; width: 148px; margin-right: 2px;" type="textarea" class="jqx-input-content jqx-input-content-imms jqx-widget-content jqx-widget-content-imms" placeholder="">
  (Session info: chrome=109.0.5414.120)
Build info: version: '4.6.0', revision: '79f1c02ae20'
System info: os.name: 'Windows 10', os.arch: 'amd64', os.version: '10.0', java.version: '17.0.6'
Driver info: org.openqa.selenium.chrome.ChromeDriver
Command: [48eca6c056510b247dea537c871e402a, clickElement {id=1adc5f76-a24f-4a7f-89da-452b9f20c239}]
Capabilities {acceptInsecureCerts: false, browserName: chrome, browserVersion: 109.0.5414.120, chrome: {chromedriverVersion: 109.0.5414.74 (e7c5703604da..., userDataDir: C:\Users\Ankush\AppData\Loc...}, goog:chromeOptions: {debuggerAddress: localhost:55512}, networkConnectionEnabled: false, pageLoadStrategy: normal, platformName: WINDOWS, proxy: Proxy(), se:cdp: ws://localhost:55512/devtoo..., se:cdpVersion: 109.0.5414.120, setWindowRect: true, strictFileInteractability: false, timeouts: {implicit: 0, pageLoad: 300000, script: 30000}, unhandledPromptBehavior: dismiss and notify, webauthn:extension:credBlob: true, webauthn:extension:largeBlob: true, webauthn:virtualAuthenticators: true}
Element: [[ChromeDriver: chrome on WINDOWS (48eca6c056510b247dea537c871e402a)] -> xpath: (//div[contains(@id,'row1jqxWidget')]//div[@columnindex='5'])[1]]
Session ID: 48eca6c056510b247dea537c871e402a
Wait Statement Succesfully ExceutedS
Click Sucessfully==Delivery Field 1
cycle 1
18112022
18/11/2022of the Item Code Quantity==310
2
Click Sucessfully==Add New==Chield grid Add New Button
Wait Statement Succesfully ExceutedS
Click Sucessfully====Quantity grid3
element click intercepted: Element <div columnindex="5" role="gridcell" style="left: 360px; z-index: 61; width:150px;" class="jqx-grid-cell jqx-grid-cell-imms jqx-item jqx-item-imms jqx-grid-cell-edit jqx-grid-cell-edit-imms" title=""></div> is not clickable at point (450, 523). Other element would receive the click: <input autocomplete="off" style="border: 0px none; position: relative; float: left; padding: 9px 0px; text-align: right; height: 17px; width: 148px; margin-right: 2px;" type="textarea" class="jqx-input-content jqx-input-content-imms jqx-widget-content jqx-widget-content-imms" placeholder="">
  (Session info: chrome=109.0.5414.120)
Build info: version: '4.6.0', revision: '79f1c02ae20'
System info: os.name: 'Windows 10', os.arch: 'amd64', os.version: '10.0', java.version: '17.0.6'
Driver info: org.openqa.selenium.chrome.ChromeDriver
Command: [48eca6c056510b247dea537c871e402a, clickElement {id=3098e008-cdec-4fa7-820c-00f39407daf5}]
Capabilities {acceptInsecureCerts: false, browserName: chrome, browserVersion: 109.0.5414.120, chrome: {chromedriverVersion: 109.0.5414.74 (e7c5703604da..., userDataDir: C:\Users\Ankush\AppData\Loc...}, goog:chromeOptions: {debuggerAddress: localhost:55512}, networkConnectionEnabled: false, pageLoadStrategy: normal, platformName: WINDOWS, proxy: Proxy(), se:cdp: ws://localhost:55512/devtoo..., se:cdpVersion: 109.0.5414.120, setWindowRect: true, strictFileInteractability: false, timeouts: {implicit: 0, pageLoad: 300000, script: 30000}, unhandledPromptBehavior: dismiss and notify, webauthn:extension:credBlob: true, webauthn:extension:largeBlob: true, webauthn:virtualAuthenticators: true}
Element: [[ChromeDriver: chrome on WINDOWS (48eca6c056510b247dea537c871e402a)] -> xpath: (//div[contains(@id,'row2jqxWidget')]//div[@columnindex='5'])[1]]
Session ID: 48eca6c056510b247dea537c871e402a
Click Sucessfully====Quantity grid3
element click intercepted: Element <div columnindex="5" role="gridcell" style="left: 360px; z-index: 61; width:150px;" class="jqx-grid-cell jqx-grid-cell-imms jqx-item jqx-item-imms jqx-grid-cell-edit jqx-grid-cell-edit-imms" title=""></div> is not clickable at point (450, 523). Other element would receive the click: <input autocomplete="off" style="border: 0px none; position: relative; float: left; padding: 9px 0px; text-align: right; height: 17px; width: 148px; margin-right: 2px;" type="textarea" class="jqx-input-content jqx-input-content-imms jqx-widget-content jqx-widget-content-imms" placeholder="">
  (Session info: chrome=109.0.5414.120)
Build info: version: '4.6.0', revision: '79f1c02ae20'
System info: os.name: 'Windows 10', os.arch: 'amd64', os.version: '10.0', java.version: '17.0.6'
Driver info: org.openqa.selenium.chrome.ChromeDriver
Command: [48eca6c056510b247dea537c871e402a, clickElement {id=3098e008-cdec-4fa7-820c-00f39407daf5}]
Capabilities {acceptInsecureCerts: false, browserName: chrome, browserVersion: 109.0.5414.120, chrome: {chromedriverVersion: 109.0.5414.74 (e7c5703604da..., userDataDir: C:\Users\Ankush\AppData\Loc...}, goog:chromeOptions: {debuggerAddress: localhost:55512}, networkConnectionEnabled: false, pageLoadStrategy: normal, platformName: WINDOWS, proxy: Proxy(), se:cdp: ws://localhost:55512/devtoo..., se:cdpVersion: 109.0.5414.120, setWindowRect: true, strictFileInteractability: false, timeouts: {implicit: 0, pageLoad: 300000, script: 30000}, unhandledPromptBehavior: dismiss and notify, webauthn:extension:credBlob: true, webauthn:extension:largeBlob: true, webauthn:virtualAuthenticators: true}
Element: [[ChromeDriver: chrome on WINDOWS (48eca6c056510b247dea537c871e402a)] -> xpath: (//div[contains(@id,'row2jqxWidget')]//div[@columnindex='5'])[1]]
Session ID: 48eca6c056510b247dea537c871e402a
Wait Statement Succesfully ExceutedS
Click Sucessfully==Delivery Date Field3
cycle 2
25112022
25/11/2022of the Item Code Quantity==400
3
Click Sucessfully==Add New==Chield grid Add New Button
Wait Statement Succesfully ExceutedS
Click Sucessfully====Quantity grid4
element click intercepted: Element <div columnindex="5" role="gridcell" style="left: 360px; z-index: 54; width:150px;" class="jqx-grid-cell jqx-grid-cell-imms jqx-item jqx-item-imms jqx-grid-cell-edit jqx-grid-cell-edit-imms" title=""></div> is not clickable at point (450, 585). Other element would receive the click: <input autocomplete="off" style="border: 0px none; position: relative; float: left; padding: 9px 0px; text-align: right; height: 17px; width: 148px; margin-right: 2px;" type="textarea" class="jqx-input-content jqx-input-content-imms jqx-widget-content jqx-widget-content-imms" placeholder="">
  (Session info: chrome=109.0.5414.120)
Build info: version: '4.6.0', revision: '79f1c02ae20'
System info: os.name: 'Windows 10', os.arch: 'amd64', os.version: '10.0', java.version: '17.0.6'
Driver info: org.openqa.selenium.chrome.ChromeDriver
Command: [48eca6c056510b247dea537c871e402a, clickElement {id=514f9c40-1f2d-4e6f-9604-cb0219e2f515}]
Capabilities {acceptInsecureCerts: false, browserName: chrome, browserVersion: 109.0.5414.120, chrome: {chromedriverVersion: 109.0.5414.74 (e7c5703604da..., userDataDir: C:\Users\Ankush\AppData\Loc...}, goog:chromeOptions: {debuggerAddress: localhost:55512}, networkConnectionEnabled: false, pageLoadStrategy: normal, platformName: WINDOWS, proxy: Proxy(), se:cdp: ws://localhost:55512/devtoo..., se:cdpVersion: 109.0.5414.120, setWindowRect: true, strictFileInteractability: false, timeouts: {implicit: 0, pageLoad: 300000, script: 30000}, unhandledPromptBehavior: dismiss and notify, webauthn:extension:credBlob: true, webauthn:extension:largeBlob: true, webauthn:virtualAuthenticators: true}
Element: [[ChromeDriver: chrome on WINDOWS (48eca6c056510b247dea537c871e402a)] -> xpath: (//div[contains(@id,'row3jqxWidget')]//div[@columnindex='5'])[1]]
Session ID: 48eca6c056510b247dea537c871e402a
Click Sucessfully====Quantity grid4
element click intercepted: Element <div columnindex="5" role="gridcell" style="left: 360px; z-index: 54; width:150px;" class="jqx-grid-cell jqx-grid-cell-imms jqx-item jqx-item-imms jqx-grid-cell-edit jqx-grid-cell-edit-imms" title=""></div> is not clickable at point (450, 585). Other element would receive the click: <input autocomplete="off" style="border: 0px none; position: relative; float: left; padding: 9px 0px; text-align: right; height: 17px; width: 148px; margin-right: 2px;" type="textarea" class="jqx-input-content jqx-input-content-imms jqx-widget-content jqx-widget-content-imms" placeholder="">
  (Session info: chrome=109.0.5414.120)
Build info: version: '4.6.0', revision: '79f1c02ae20'
System info: os.name: 'Windows 10', os.arch: 'amd64', os.version: '10.0', java.version: '17.0.6'
Driver info: org.openqa.selenium.chrome.ChromeDriver
Command: [48eca6c056510b247dea537c871e402a, clickElement {id=514f9c40-1f2d-4e6f-9604-cb0219e2f515}]
Capabilities {acceptInsecureCerts: false, browserName: chrome, browserVersion: 109.0.5414.120, chrome: {chromedriverVersion: 109.0.5414.74 (e7c5703604da..., userDataDir: C:\Users\Ankush\AppData\Loc...}, goog:chromeOptions: {debuggerAddress: localhost:55512}, networkConnectionEnabled: false, pageLoadStrategy: normal, platformName: WINDOWS, proxy: Proxy(), se:cdp: ws://localhost:55512/devtoo..., se:cdpVersion: 109.0.5414.120, setWindowRect: true, strictFileInteractability: false, timeouts: {implicit: 0, pageLoad: 300000, script: 30000}, unhandledPromptBehavior: dismiss and notify, webauthn:extension:credBlob: true, webauthn:extension:largeBlob: true, webauthn:virtualAuthenticators: true}
Element: [[ChromeDriver: chrome on WINDOWS (48eca6c056510b247dea537c871e402a)] -> xpath: (//div[contains(@id,'row3jqxWidget')]//div[@columnindex='5'])[1]]
Session ID: 48eca6c056510b247dea537c871e402a
Wait Statement Succesfully ExceutedS
Click Sucessfully==Delivery Date Field4
cycle 3
Click Sucessfully==Save button
Thread succsfully applied time ==50000ms
Wait Statement Succesfully ExceutedS
New generated LRC NUmber==000344
Wait Statement Succesfully ExceutedS
Wait Statement Succesfully ExceutedS
Labour Rate Contract Entry Authorize Successfully'.
Labour Rate Contract Entry Authorize Successfully!
]]></system-out>
  </testcase>
  <testcase name="LRC003" classname="purchase.LabourRateContractEntry" time="727.168">
    <system-out><![CDATA[ test case  complited
 test case  Started
D:\ANKUSH\NEW_HORIZON\ExcelFiles\purchase\LabourRateContractEntry.xlsx
Thread succsfully applied time ==3000ms
Thread succsfully applied time ==15000ms
Wait Statement Succesfully ExceutedS
Click Sucessfully====Calendor Field
[[ChromeDriver: chrome on WINDOWS (48eca6c056510b247dea537c871e402a)] -> xpath: //div[contains(@class,'jqx-calendar-title-content jqx-calendar-title-content-imms')]]
February
2023
Click Sucessfully====previous
January 2023
January
2023
Click Sucessfully====previous
December 2022
December
2022
Click Sucessfully====previous
November 2022
November
2022
Click Sucessfully====previous
October 2022
October
2022
Click Sucessfully==5==October 2022Date_
Thread succsfully applied time ==3000ms
Wait Statement Succesfully ExceutedS
Click Sucessfully====Calendor Field
[[ChromeDriver: chrome on WINDOWS (48eca6c056510b247dea537c871e402a)] -> xpath: (//div[contains(@class,'jqx-calendar-title-content jqx-calendar-title-content-imms')])[3]]
February
2023
Click Sucessfully====previous
January 2023
January
2023
Click Sucessfully====previous
December 2022
December
2022
Click Sucessfully====previous
November 2022
November
2022
Click Sucessfully====previous
October 2022
October
2022
Click Sucessfully==31==October 2022Date_
Thread succsfully applied time ==6000ms
Thread succsfully applied time ==5000ms
Click Sucessfully====Item code searchbtn
Click Sucessfully====itemsearchbtn
element click intercepted: Element <button _ngcontent-nnq-c10="" class="btn btn-outline-secondary btn-search border-0" type="button">...</button> is not clickable at point (416, 268). Other element would receive the click: <div columnindex="1" role="gridcell" style="left: 100px; z-index: 87; width:150px;" class="jqx-grid-cell jqx-grid-cell-imms jqx-item jqx-item-imms">...</div>
  (Session info: chrome=109.0.5414.120)
Build info: version: '4.6.0', revision: '79f1c02ae20'
System info: os.name: 'Windows 10', os.arch: 'amd64', os.version: '10.0', java.version: '17.0.6'
Driver info: org.openqa.selenium.chrome.ChromeDriver
Command: [48eca6c056510b247dea537c871e402a, clickElement {id=212b67b8-39a6-40ac-83bf-497a47335a80}]
Capabilities {acceptInsecureCerts: false, browserName: chrome, browserVersion: 109.0.5414.120, chrome: {chromedriverVersion: 109.0.5414.74 (e7c5703604da..., userDataDir: C:\Users\Ankush\AppData\Loc...}, goog:chromeOptions: {debuggerAddress: localhost:55512}, networkConnectionEnabled: false, pageLoadStrategy: normal, platformName: WINDOWS, proxy: Proxy(), se:cdp: ws://localhost:55512/devtoo..., se:cdpVersion: 109.0.5414.120, setWindowRect: true, strictFileInteractability: false, timeouts: {implicit: 0, pageLoad: 300000, script: 30000}, unhandledPromptBehavior: dismiss and notify, webauthn:extension:credBlob: true, webauthn:extension:largeBlob: true, webauthn:virtualAuthenticators: true}
Element: [[ChromeDriver: chrome on WINDOWS (48eca6c056510b247dea537c871e402a)] -> xpath: //button[@class='btn btn-outline-secondary btn-search border-0']]
Session ID: 48eca6c056510b247dea537c871e402a
Thread succsfully applied time ==17000ms
The Option Name Is ==HITESH K PATEL
Wait Succesfully Applied On Field
Thread succsfully applied time ==5000ms
Click Sucessfully==Next==Vendor Information NEXT BUTTON
Thread succsfully applied time ==5000ms
The Option Name Is ==PIG7
Wait Succesfully Applied On Field
Thread succsfully applied time ==5000ms
Click Sucessfully==Next==Purchase Order Delivery Next Button
Thread succsfully applied time ==5000ms
Click Sucessfully==Add New==Item Delivery ADD BUTTON
Thread succsfully applied time ==5000ms
Click Sucessfully====Item code searchbtn
CED - CATHODIC ELECTRO DEPOSITION PROCESS
Wait Statement Succesfully ExceutedS
Wait Statement Succesfully ExceutedS
Click Sucessfully==CED - CATHODIC ELECTRO DEPOSITION PROCESS
 test case  complited
 test case  Started
D:\ANKUSH\NEW_HORIZON\ExcelFiles\purchase\LabourRateContractEntry.xlsx
Thread succsfully applied time ==3000ms
Thread succsfully applied time ==15000ms
Wait Statement Succesfully ExceutedS
Click Sucessfully====Calendor Field
[[ChromeDriver: chrome on WINDOWS (48eca6c056510b247dea537c871e402a)] -> xpath: //div[contains(@class,'jqx-calendar-title-content jqx-calendar-title-content-imms')]]
February
2023
Click Sucessfully====previous
January 2023
January
2023
Click Sucessfully====previous
December 2022
December
2022
Click Sucessfully====previous
November 2022
November
2022
Click Sucessfully====previous
October 2022
October
2022
Click Sucessfully==5==October 2022Date_
Thread succsfully applied time ==3000ms
Wait Statement Succesfully ExceutedS
Click Sucessfully====Calendor Field
[[ChromeDriver: chrome on WINDOWS (48eca6c056510b247dea537c871e402a)] -> xpath: (//div[contains(@class,'jqx-calendar-title-content jqx-calendar-title-content-imms')])[3]]
February
2023
Click Sucessfully====previous
January 2023
January
2023
Click Sucessfully====previous
December 2022
December
2022
Click Sucessfully====previous
November 2022
November
2022
Click Sucessfully====previous
October 2022
October
2022
Click Sucessfully==31==October 2022Date_
Thread succsfully applied time ==6000ms
Thread succsfully applied time ==5000ms
Click Sucessfully====Item code searchbtn
Click Sucessfully====itemsearchbtn
element click intercepted: Element <button _ngcontent-dlv-c10="" class="btn btn-outline-secondary btn-search border-0" type="button">...</button> is not clickable at point (416, 268). Other element would receive the click: <div columnindex="1" role="gridcell" style="left: 100px; z-index: 87; width:150px;" class="jqx-grid-cell jqx-grid-cell-imms jqx-item jqx-item-imms">...</div>
  (Session info: chrome=109.0.5414.120)
Build info: version: '4.6.0', revision: '79f1c02ae20'
System info: os.name: 'Windows 10', os.arch: 'amd64', os.version: '10.0', java.version: '17.0.6'
Driver info: org.openqa.selenium.chrome.ChromeDriver
Command: [48eca6c056510b247dea537c871e402a, clickElement {id=3356bac9-b457-4e8e-86e9-7d5e05fee0bd}]
Capabilities {acceptInsecureCerts: false, browserName: chrome, browserVersion: 109.0.5414.120, chrome: {chromedriverVersion: 109.0.5414.74 (e7c5703604da..., userDataDir: C:\Users\Ankush\AppData\Loc...}, goog:chromeOptions: {debuggerAddress: localhost:55512}, networkConnectionEnabled: false, pageLoadStrategy: normal, platformName: WINDOWS, proxy: Proxy(), se:cdp: ws://localhost:55512/devtoo..., se:cdpVersion: 109.0.5414.120, setWindowRect: true, strictFileInteractability: false, timeouts: {implicit: 0, pageLoad: 300000, script: 30000}, unhandledPromptBehavior: dismiss and notify, webauthn:extension:credBlob: true, webauthn:extension:largeBlob: true, webauthn:virtualAuthenticators: true}
Element: [[ChromeDriver: chrome on WINDOWS (48eca6c056510b247dea537c871e402a)] -> xpath: //button[@class='btn btn-outline-secondary btn-search border-0']]
Session ID: 48eca6c056510b247dea537c871e402a
Thread succsfully applied time ==17000ms
The Option Name Is ==HITESH K PATEL
Wait Succesfully Applied On Field
Thread succsfully applied time ==5000ms
Click Sucessfully==Next==Vendor Information NEXT BUTTON
Thread succsfully applied time ==5000ms
The Option Name Is ==PIG7
Wait Succesfully Applied On Field
Thread succsfully applied time ==5000ms
Click Sucessfully==Next==Purchase Order Delivery Next Button
Thread succsfully applied time ==5000ms
Click Sucessfully==Add New==Item Delivery ADD BUTTON
Thread succsfully applied time ==5000ms
Click Sucessfully====Item code searchbtn
CED - CATHODIC ELECTRO DEPOSITION PROCESS
Wait Statement Succesfully ExceutedS
Wait Statement Succesfully ExceutedS
Click Sucessfully==CED - CATHODIC ELECTRO DEPOSITION PROCESS
005697
Wait Statement Succesfully ExceutedS
Wait Statement Succesfully ExceutedS
Click Sucessfully==22-23/WO/S1 /005697
Wait Statement Succesfully ExceutedS
Click Sucessfully==PV
Click Sucessfully==Add New==Chield grid Add New Button
10112022
10/11/2022of the Item Code Quantity==108.9
0
Wait Statement Succesfully ExceutedS
Click Sucessfully====Quantity grid1
Click Sucessfully====Quantity grid1
Wait Statement Succesfully ExceutedS
Click Sucessfully==Delivery Field 1
cycle 0
15112022
15/11/2022of the Item Code Quantity==24.6
1
Click Sucessfully==Add New==Chield grid Add New Button
The Grid Quamtity @IS startrd
Wait Statement Succesfully ExceutedS
Click Sucessfully====Quantity grid2
element click intercepted: Element <div columnindex="5" role="gridcell" style="left: 360px; z-index: 68; width:150px;" class="jqx-grid-cell jqx-grid-cell-imms jqx-item jqx-item-imms jqx-grid-cell-edit jqx-grid-cell-edit-imms" title=""></div> is not clickable at point (450, 461). Other element would receive the click: <input autocomplete="off" style="border: 0px none; position: relative; float: left; padding: 9px 0px; text-align: right; height: 17px; width: 148px; margin-right: 2px;" type="textarea" class="jqx-input-content jqx-input-content-imms jqx-widget-content jqx-widget-content-imms" placeholder="">
  (Session info: chrome=109.0.5414.120)
Build info: version: '4.6.0', revision: '79f1c02ae20'
System info: os.name: 'Windows 10', os.arch: 'amd64', os.version: '10.0', java.version: '17.0.6'
Driver info: org.openqa.selenium.chrome.ChromeDriver
Command: [48eca6c056510b247dea537c871e402a, clickElement {id=824ba732-b3a4-4a50-9c2a-ff82ec820e48}]
Capabilities {acceptInsecureCerts: false, browserName: chrome, browserVersion: 109.0.5414.120, chrome: {chromedriverVersion: 109.0.5414.74 (e7c5703604da..., userDataDir: C:\Users\Ankush\AppData\Loc...}, goog:chromeOptions: {debuggerAddress: localhost:55512}, networkConnectionEnabled: false, pageLoadStrategy: normal, platformName: WINDOWS, proxy: Proxy(), se:cdp: ws://localhost:55512/devtoo..., se:cdpVersion: 109.0.5414.120, setWindowRect: true, strictFileInteractability: false, timeouts: {implicit: 0, pageLoad: 300000, script: 30000}, unhandledPromptBehavior: dismiss and notify, webauthn:extension:credBlob: true, webauthn:extension:largeBlob: true, webauthn:virtualAuthenticators: true}
Element: [[ChromeDriver: chrome on WINDOWS (48eca6c056510b247dea537c871e402a)] -> xpath: (//div[contains(@id,'row1jqxWidget')]//div[@columnindex='5'])[1]]
Session ID: 48eca6c056510b247dea537c871e402a
Click Sucessfully====Quantity grid2
element click intercepted: Element <div columnindex="5" role="gridcell" style="left: 360px; z-index: 68; width:150px;" class="jqx-grid-cell jqx-grid-cell-imms jqx-item jqx-item-imms jqx-grid-cell-edit jqx-grid-cell-edit-imms" title=""></div> is not clickable at point (450, 461). Other element would receive the click: <input autocomplete="off" style="border: 0px none; position: relative; float: left; padding: 9px 0px; text-align: right; height: 17px; width: 148px; margin-right: 2px;" type="textarea" class="jqx-input-content jqx-input-content-imms jqx-widget-content jqx-widget-content-imms" placeholder="">
  (Session info: chrome=109.0.5414.120)
Build info: version: '4.6.0', revision: '79f1c02ae20'
System info: os.name: 'Windows 10', os.arch: 'amd64', os.version: '10.0', java.version: '17.0.6'
Driver info: org.openqa.selenium.chrome.ChromeDriver
Command: [48eca6c056510b247dea537c871e402a, clickElement {id=824ba732-b3a4-4a50-9c2a-ff82ec820e48}]
Capabilities {acceptInsecureCerts: false, browserName: chrome, browserVersion: 109.0.5414.120, chrome: {chromedriverVersion: 109.0.5414.74 (e7c5703604da..., userDataDir: C:\Users\Ankush\AppData\Loc...}, goog:chromeOptions: {debuggerAddress: localhost:55512}, networkConnectionEnabled: false, pageLoadStrategy: normal, platformName: WINDOWS, proxy: Proxy(), se:cdp: ws://localhost:55512/devtoo..., se:cdpVersion: 109.0.5414.120, setWindowRect: true, strictFileInteractability: false, timeouts: {implicit: 0, pageLoad: 300000, script: 30000}, unhandledPromptBehavior: dismiss and notify, webauthn:extension:credBlob: true, webauthn:extension:largeBlob: true, webauthn:virtualAuthenticators: true}
Element: [[ChromeDriver: chrome on WINDOWS (48eca6c056510b247dea537c871e402a)] -> xpath: (//div[contains(@id,'row1jqxWidget')]//div[@columnindex='5'])[1]]
Session ID: 48eca6c056510b247dea537c871e402a
Wait Statement Succesfully ExceutedS
Click Sucessfully==Delivery Field 1
cycle 1
18112022
18/11/2022of the Item Code Quantity==30.5
2
Click Sucessfully==Add New==Chield grid Add New Button
Wait Statement Succesfully ExceutedS
Click Sucessfully====Quantity grid3
element click intercepted: Element <div columnindex="5" role="gridcell" style="left: 360px; z-index: 61; width:150px;" class="jqx-grid-cell jqx-grid-cell-imms jqx-item jqx-item-imms jqx-grid-cell-edit jqx-grid-cell-edit-imms" title=""></div> is not clickable at point (450, 523). Other element would receive the click: <input autocomplete="off" style="border: 0px none; position: relative; float: left; padding: 9px 0px; text-align: right; height: 17px; width: 148px; margin-right: 2px;" type="textarea" class="jqx-input-content jqx-input-content-imms jqx-widget-content jqx-widget-content-imms" placeholder="">
  (Session info: chrome=109.0.5414.120)
Build info: version: '4.6.0', revision: '79f1c02ae20'
System info: os.name: 'Windows 10', os.arch: 'amd64', os.version: '10.0', java.version: '17.0.6'
Driver info: org.openqa.selenium.chrome.ChromeDriver
Command: [48eca6c056510b247dea537c871e402a, clickElement {id=5aeefadc-2bc8-4c3f-8050-58a2b9152b20}]
Capabilities {acceptInsecureCerts: false, browserName: chrome, browserVersion: 109.0.5414.120, chrome: {chromedriverVersion: 109.0.5414.74 (e7c5703604da..., userDataDir: C:\Users\Ankush\AppData\Loc...}, goog:chromeOptions: {debuggerAddress: localhost:55512}, networkConnectionEnabled: false, pageLoadStrategy: normal, platformName: WINDOWS, proxy: Proxy(), se:cdp: ws://localhost:55512/devtoo..., se:cdpVersion: 109.0.5414.120, setWindowRect: true, strictFileInteractability: false, timeouts: {implicit: 0, pageLoad: 300000, script: 30000}, unhandledPromptBehavior: dismiss and notify, webauthn:extension:credBlob: true, webauthn:extension:largeBlob: true, webauthn:virtualAuthenticators: true}
Element: [[ChromeDriver: chrome on WINDOWS (48eca6c056510b247dea537c871e402a)] -> xpath: (//div[contains(@id,'row2jqxWidget')]//div[@columnindex='5'])[1]]
Session ID: 48eca6c056510b247dea537c871e402a
Click Sucessfully====Quantity grid3
element click intercepted: Element <div columnindex="5" role="gridcell" style="left: 360px; z-index: 61; width:150px;" class="jqx-grid-cell jqx-grid-cell-imms jqx-item jqx-item-imms jqx-grid-cell-edit jqx-grid-cell-edit-imms" title=""></div> is not clickable at point (450, 523). Other element would receive the click: <input autocomplete="off" style="border: 0px none; position: relative; float: left; padding: 9px 0px; text-align: right; height: 17px; width: 148px; margin-right: 2px;" type="textarea" class="jqx-input-content jqx-input-content-imms jqx-widget-content jqx-widget-content-imms" placeholder="">
  (Session info: chrome=109.0.5414.120)
Build info: version: '4.6.0', revision: '79f1c02ae20'
System info: os.name: 'Windows 10', os.arch: 'amd64', os.version: '10.0', java.version: '17.0.6'
Driver info: org.openqa.selenium.chrome.ChromeDriver
Command: [48eca6c056510b247dea537c871e402a, clickElement {id=5aeefadc-2bc8-4c3f-8050-58a2b9152b20}]
Capabilities {acceptInsecureCerts: false, browserName: chrome, browserVersion: 109.0.5414.120, chrome: {chromedriverVersion: 109.0.5414.74 (e7c5703604da..., userDataDir: C:\Users\Ankush\AppData\Loc...}, goog:chromeOptions: {debuggerAddress: localhost:55512}, networkConnectionEnabled: false, pageLoadStrategy: normal, platformName: WINDOWS, proxy: Proxy(), se:cdp: ws://localhost:55512/devtoo..., se:cdpVersion: 109.0.5414.120, setWindowRect: true, strictFileInteractability: false, timeouts: {implicit: 0, pageLoad: 300000, script: 30000}, unhandledPromptBehavior: dismiss and notify, webauthn:extension:credBlob: true, webauthn:extension:largeBlob: true, webauthn:virtualAuthenticators: true}
Element: [[ChromeDriver: chrome on WINDOWS (48eca6c056510b247dea537c871e402a)] -> xpath: (//div[contains(@id,'row2jqxWidget')]//div[@columnindex='5'])[1]]
Session ID: 48eca6c056510b247dea537c871e402a
Wait Statement Succesfully ExceutedS
Click Sucessfully==Delivery Date Field3
cycle 2
25112022
25/11/2022of the Item Code Quantity==91.55
3
Click Sucessfully==Add New==Chield grid Add New Button
Wait Statement Succesfully ExceutedS
Click Sucessfully====Quantity grid4
element click intercepted: Element <div columnindex="5" role="gridcell" style="left: 360px; z-index: 54; width:150px;" class="jqx-grid-cell jqx-grid-cell-imms jqx-item jqx-item-imms jqx-grid-cell-edit jqx-grid-cell-edit-imms" title=""></div> is not clickable at point (450, 585). Other element would receive the click: <input autocomplete="off" style="border: 0px none; position: relative; float: left; padding: 9px 0px; text-align: right; height: 17px; width: 148px; margin-right: 2px;" type="textarea" class="jqx-input-content jqx-input-content-imms jqx-widget-content jqx-widget-content-imms" placeholder="">
  (Session info: chrome=109.0.5414.120)
Build info: version: '4.6.0', revision: '79f1c02ae20'
System info: os.name: 'Windows 10', os.arch: 'amd64', os.version: '10.0', java.version: '17.0.6'
Driver info: org.openqa.selenium.chrome.ChromeDriver
Command: [48eca6c056510b247dea537c871e402a, clickElement {id=f6dc3daa-d556-43d8-ae28-d93ec22b2c09}]
Capabilities {acceptInsecureCerts: false, browserName: chrome, browserVersion: 109.0.5414.120, chrome: {chromedriverVersion: 109.0.5414.74 (e7c5703604da..., userDataDir: C:\Users\Ankush\AppData\Loc...}, goog:chromeOptions: {debuggerAddress: localhost:55512}, networkConnectionEnabled: false, pageLoadStrategy: normal, platformName: WINDOWS, proxy: Proxy(), se:cdp: ws://localhost:55512/devtoo..., se:cdpVersion: 109.0.5414.120, setWindowRect: true, strictFileInteractability: false, timeouts: {implicit: 0, pageLoad: 300000, script: 30000}, unhandledPromptBehavior: dismiss and notify, webauthn:extension:credBlob: true, webauthn:extension:largeBlob: true, webauthn:virtualAuthenticators: true}
Element: [[ChromeDriver: chrome on WINDOWS (48eca6c056510b247dea537c871e402a)] -> xpath: (//div[contains(@id,'row3jqxWidget')]//div[@columnindex='5'])[1]]
Session ID: 48eca6c056510b247dea537c871e402a
Click Sucessfully====Quantity grid4
element click intercepted: Element <div columnindex="5" role="gridcell" style="left: 360px; z-index: 54; width:150px;" class="jqx-grid-cell jqx-grid-cell-imms jqx-item jqx-item-imms jqx-grid-cell-edit jqx-grid-cell-edit-imms" title=""></div> is not clickable at point (450, 585). Other element would receive the click: <input autocomplete="off" style="border: 0px none; position: relative; float: left; padding: 9px 0px; text-align: right; height: 17px; width: 148px; margin-right: 2px;" type="textarea" class="jqx-input-content jqx-input-content-imms jqx-widget-content jqx-widget-content-imms" placeholder="">
  (Session info: chrome=109.0.5414.120)
Build info: version: '4.6.0', revision: '79f1c02ae20'
System info: os.name: 'Windows 10', os.arch: 'amd64', os.version: '10.0', java.version: '17.0.6'
Driver info: org.openqa.selenium.chrome.ChromeDriver
Command: [48eca6c056510b247dea537c871e402a, clickElement {id=f6dc3daa-d556-43d8-ae28-d93ec22b2c09}]
Capabilities {acceptInsecureCerts: false, browserName: chrome, browserVersion: 109.0.5414.120, chrome: {chromedriverVersion: 109.0.5414.74 (e7c5703604da..., userDataDir: C:\Users\Ankush\AppData\Loc...}, goog:chromeOptions: {debuggerAddress: localhost:55512}, networkConnectionEnabled: false, pageLoadStrategy: normal, platformName: WINDOWS, proxy: Proxy(), se:cdp: ws://localhost:55512/devtoo..., se:cdpVersion: 109.0.5414.120, setWindowRect: true, strictFileInteractability: false, timeouts: {implicit: 0, pageLoad: 300000, script: 30000}, unhandledPromptBehavior: dismiss and notify, webauthn:extension:credBlob: true, webauthn:extension:largeBlob: true, webauthn:virtualAuthenticators: true}
Element: [[ChromeDriver: chrome on WINDOWS (48eca6c056510b247dea537c871e402a)] -> xpath: (//div[contains(@id,'row3jqxWidget')]//div[@columnindex='5'])[1]]
Session ID: 48eca6c056510b247dea537c871e402a
Wait Statement Succesfully ExceutedS
Click Sucessfully==Delivery Date Field4
cycle 3
Click Sucessfully==Add New==Item Delivery ADD BUTTON
Click Sucessfully====Item code searchbtn
CED - CATHODIC ELECTRO DEPOSITION PROCESS
Wait Statement Succesfully ExceutedS
Wait Statement Succesfully ExceutedS
Click Sucessfully==CED - CATHODIC ELECTRO DEPOSITION PROCESS
005702
Wait Statement Succesfully ExceutedS
Wait Statement Succesfully ExceutedS
Click Sucessfully==22-23/WO/S1 /005702
Wait Statement Succesfully ExceutedS
Click Sucessfully==RE
Click Sucessfully==Add New==Chield grid Add New Button
10112022
10/11/2022of the Item Code Quantity==10.5
0
Wait Statement Succesfully ExceutedS
Click Sucessfully====Quantity grid1
Click Sucessfully====Quantity grid1
Wait Statement Succesfully ExceutedS
Click Sucessfully==Delivery Field 1
cycle 0
15112022
15/11/2022of the Item Code Quantity==11.5
1
Click Sucessfully==Add New==Chield grid Add New Button
The Grid Quamtity @IS startrd
Wait Statement Succesfully ExceutedS
Click Sucessfully====Quantity grid2
element click intercepted: Element <div columnindex="5" role="gridcell" style="left: 360px; z-index: 68; width:150px;" class="jqx-grid-cell jqx-grid-cell-imms jqx-item jqx-item-imms jqx-grid-cell-edit jqx-grid-cell-edit-imms" title=""></div> is not clickable at point (450, 583). Other element would receive the click: <input autocomplete="off" style="border: 0px none; position: relative; float: left; padding: 9px 0px; text-align: right; height: 17px; width: 148px; margin-right: 2px;" type="textarea" class="jqx-input-content jqx-input-content-imms jqx-widget-content jqx-widget-content-imms" placeholder="">
  (Session info: chrome=109.0.5414.120)
Build info: version: '4.6.0', revision: '79f1c02ae20'
System info: os.name: 'Windows 10', os.arch: 'amd64', os.version: '10.0', java.version: '17.0.6'
Driver info: org.openqa.selenium.chrome.ChromeDriver
Command: [48eca6c056510b247dea537c871e402a, clickElement {id=e5fbfc8f-e0a2-4a06-b803-6608f8dc860c}]
Capabilities {acceptInsecureCerts: false, browserName: chrome, browserVersion: 109.0.5414.120, chrome: {chromedriverVersion: 109.0.5414.74 (e7c5703604da..., userDataDir: C:\Users\Ankush\AppData\Loc...}, goog:chromeOptions: {debuggerAddress: localhost:55512}, networkConnectionEnabled: false, pageLoadStrategy: normal, platformName: WINDOWS, proxy: Proxy(), se:cdp: ws://localhost:55512/devtoo..., se:cdpVersion: 109.0.5414.120, setWindowRect: true, strictFileInteractability: false, timeouts: {implicit: 0, pageLoad: 300000, script: 30000}, unhandledPromptBehavior: dismiss and notify, webauthn:extension:credBlob: true, webauthn:extension:largeBlob: true, webauthn:virtualAuthenticators: true}
Element: [[ChromeDriver: chrome on WINDOWS (48eca6c056510b247dea537c871e402a)] -> xpath: (//div[contains(@id,'row1jqxWidget')]//div[@columnindex='5'])[2]]
Session ID: 48eca6c056510b247dea537c871e402a
Click Sucessfully====Quantity grid2
element click intercepted: Element <div columnindex="5" role="gridcell" style="left: 360px; z-index: 68; width:150px;" class="jqx-grid-cell jqx-grid-cell-imms jqx-item jqx-item-imms jqx-grid-cell-edit jqx-grid-cell-edit-imms" title=""></div> is not clickable at point (450, 583). Other element would receive the click: <input autocomplete="off" style="border: 0px none; position: relative; float: left; padding: 9px 0px; text-align: right; height: 17px; width: 148px; margin-right: 2px;" type="textarea" class="jqx-input-content jqx-input-content-imms jqx-widget-content jqx-widget-content-imms" placeholder="">
  (Session info: chrome=109.0.5414.120)
Build info: version: '4.6.0', revision: '79f1c02ae20'
System info: os.name: 'Windows 10', os.arch: 'amd64', os.version: '10.0', java.version: '17.0.6'
Driver info: org.openqa.selenium.chrome.ChromeDriver
Command: [48eca6c056510b247dea537c871e402a, clickElement {id=e5fbfc8f-e0a2-4a06-b803-6608f8dc860c}]
Capabilities {acceptInsecureCerts: false, browserName: chrome, browserVersion: 109.0.5414.120, chrome: {chromedriverVersion: 109.0.5414.74 (e7c5703604da..., userDataDir: C:\Users\Ankush\AppData\Loc...}, goog:chromeOptions: {debuggerAddress: localhost:55512}, networkConnectionEnabled: false, pageLoadStrategy: normal, platformName: WINDOWS, proxy: Proxy(), se:cdp: ws://localhost:55512/devtoo..., se:cdpVersion: 109.0.5414.120, setWindowRect: true, strictFileInteractability: false, timeouts: {implicit: 0, pageLoad: 300000, script: 30000}, unhandledPromptBehavior: dismiss and notify, webauthn:extension:credBlob: true, webauthn:extension:largeBlob: true, webauthn:virtualAuthenticators: true}
Element: [[ChromeDriver: chrome on WINDOWS (48eca6c056510b247dea537c871e402a)] -> xpath: (//div[contains(@id,'row1jqxWidget')]//div[@columnindex='5'])[2]]
Session ID: 48eca6c056510b247dea537c871e402a
Wait Statement Succesfully ExceutedS
Click Sucessfully==Delivery Field 1
cycle 1
18112022
18/11/2022of the Item Code Quantity==9
2
Click Sucessfully==Add New==Chield grid Add New Button
Wait Statement Succesfully ExceutedS
Click Sucessfully====Quantity grid3
element click intercepted: Element <div columnindex="5" role="gridcell" style="left: 360px; z-index: 61; width:150px;" class="jqx-grid-cell jqx-grid-cell-imms jqx-item jqx-item-imms jqx-grid-cell-edit jqx-grid-cell-edit-imms" title=""></div> is not clickable at point (450, 598). Other element would receive the click: <input autocomplete="off" style="border: 0px none; position: relative; float: left; padding: 9px 0px; text-align: right; height: 17px; width: 148px; margin-right: 2px;" type="textarea" class="jqx-input-content jqx-input-content-imms jqx-widget-content jqx-widget-content-imms" placeholder="">
  (Session info: chrome=109.0.5414.120)
Build info: version: '4.6.0', revision: '79f1c02ae20'
System info: os.name: 'Windows 10', os.arch: 'amd64', os.version: '10.0', java.version: '17.0.6'
Driver info: org.openqa.selenium.chrome.ChromeDriver
Command: [48eca6c056510b247dea537c871e402a, clickElement {id=602c015e-7509-4bfb-806b-edcd78c9c960}]
Capabilities {acceptInsecureCerts: false, browserName: chrome, browserVersion: 109.0.5414.120, chrome: {chromedriverVersion: 109.0.5414.74 (e7c5703604da..., userDataDir: C:\Users\Ankush\AppData\Loc...}, goog:chromeOptions: {debuggerAddress: localhost:55512}, networkConnectionEnabled: false, pageLoadStrategy: normal, platformName: WINDOWS, proxy: Proxy(), se:cdp: ws://localhost:55512/devtoo..., se:cdpVersion: 109.0.5414.120, setWindowRect: true, strictFileInteractability: false, timeouts: {implicit: 0, pageLoad: 300000, script: 30000}, unhandledPromptBehavior: dismiss and notify, webauthn:extension:credBlob: true, webauthn:extension:largeBlob: true, webauthn:virtualAuthenticators: true}
Element: [[ChromeDriver: chrome on WINDOWS (48eca6c056510b247dea537c871e402a)] -> xpath: (//div[contains(@id,'row2jqxWidget')]//div[@columnindex='5'])[1]]
Session ID: 48eca6c056510b247dea537c871e402a
Click Sucessfully====Quantity grid3
element click intercepted: Element <div columnindex="5" role="gridcell" style="left: 360px; z-index: 61; width:150px;" class="jqx-grid-cell jqx-grid-cell-imms jqx-item jqx-item-imms jqx-grid-cell-edit jqx-grid-cell-edit-imms" title=""></div> is not clickable at point (450, 598). Other element would receive the click: <input autocomplete="off" style="border: 0px none; position: relative; float: left; padding: 9px 0px; text-align: right; height: 17px; width: 148px; margin-right: 2px;" type="textarea" class="jqx-input-content jqx-input-content-imms jqx-widget-content jqx-widget-content-imms" placeholder="">
  (Session info: chrome=109.0.5414.120)
Build info: version: '4.6.0', revision: '79f1c02ae20'
System info: os.name: 'Windows 10', os.arch: 'amd64', os.version: '10.0', java.version: '17.0.6'
Driver info: org.openqa.selenium.chrome.ChromeDriver
Command: [48eca6c056510b247dea537c871e402a, clickElement {id=602c015e-7509-4bfb-806b-edcd78c9c960}]
Capabilities {acceptInsecureCerts: false, browserName: chrome, browserVersion: 109.0.5414.120, chrome: {chromedriverVersion: 109.0.5414.74 (e7c5703604da..., userDataDir: C:\Users\Ankush\AppData\Loc...}, goog:chromeOptions: {debuggerAddress: localhost:55512}, networkConnectionEnabled: false, pageLoadStrategy: normal, platformName: WINDOWS, proxy: Proxy(), se:cdp: ws://localhost:55512/devtoo..., se:cdpVersion: 109.0.5414.120, setWindowRect: true, strictFileInteractability: false, timeouts: {implicit: 0, pageLoad: 300000, script: 30000}, unhandledPromptBehavior: dismiss and notify, webauthn:extension:credBlob: true, webauthn:extension:largeBlob: true, webauthn:virtualAuthenticators: true}
Element: [[ChromeDriver: chrome on WINDOWS (48eca6c056510b247dea537c871e402a)] -> xpath: (//div[contains(@id,'row2jqxWidget')]//div[@columnindex='5'])[1]]
Session ID: 48eca6c056510b247dea537c871e402a
Wait Statement Succesfully ExceutedS
Click Sucessfully==Delivery Date Field3
cycle 2
25112022
25/11/2022of the Item Code Quantity==13
3
Click Sucessfully==Add New==Chield grid Add New Button
Wait Statement Succesfully ExceutedS
Click Sucessfully====Quantity grid4
element click intercepted: Element <div columnindex="5" role="gridcell" style="left: 360px; z-index: 54; width:150px;" class="jqx-grid-cell jqx-grid-cell-imms jqx-item jqx-item-imms jqx-grid-cell-edit jqx-grid-cell-edit-imms" title=""></div> is not clickable at point (450, 306). Other element would receive the click: <input autocomplete="off" style="border: 0px none; position: relative; float: left; padding: 9px 0px; text-align: right; height: 17px; width: 148px; margin-right: 2px;" type="textarea" class="jqx-input-content jqx-input-content-imms jqx-widget-content jqx-widget-content-imms" placeholder="">
  (Session info: chrome=109.0.5414.120)
Build info: version: '4.6.0', revision: '79f1c02ae20'
System info: os.name: 'Windows 10', os.arch: 'amd64', os.version: '10.0', java.version: '17.0.6'
Driver info: org.openqa.selenium.chrome.ChromeDriver
Command: [48eca6c056510b247dea537c871e402a, clickElement {id=c142f448-0765-4c11-a107-6b3d3e21c9f9}]
Capabilities {acceptInsecureCerts: false, browserName: chrome, browserVersion: 109.0.5414.120, chrome: {chromedriverVersion: 109.0.5414.74 (e7c5703604da..., userDataDir: C:\Users\Ankush\AppData\Loc...}, goog:chromeOptions: {debuggerAddress: localhost:55512}, networkConnectionEnabled: false, pageLoadStrategy: normal, platformName: WINDOWS, proxy: Proxy(), se:cdp: ws://localhost:55512/devtoo..., se:cdpVersion: 109.0.5414.120, setWindowRect: true, strictFileInteractability: false, timeouts: {implicit: 0, pageLoad: 300000, script: 30000}, unhandledPromptBehavior: dismiss and notify, webauthn:extension:credBlob: true, webauthn:extension:largeBlob: true, webauthn:virtualAuthenticators: true}
Element: [[ChromeDriver: chrome on WINDOWS (48eca6c056510b247dea537c871e402a)] -> xpath: (//div[contains(@id,'row3jqxWidget')]//div[@columnindex='5'])[1]]
Session ID: 48eca6c056510b247dea537c871e402a
Click Sucessfully====Quantity grid4
element click intercepted: Element <div columnindex="5" role="gridcell" style="left: 360px; z-index: 54; width:150px;" class="jqx-grid-cell jqx-grid-cell-imms jqx-item jqx-item-imms jqx-grid-cell-edit jqx-grid-cell-edit-imms" title=""></div> is not clickable at point (450, 306). Other element would receive the click: <input autocomplete="off" style="border: 0px none; position: relative; float: left; padding: 9px 0px; text-align: right; height: 17px; width: 148px; margin-right: 2px;" type="textarea" class="jqx-input-content jqx-input-content-imms jqx-widget-content jqx-widget-content-imms" placeholder="">
  (Session info: chrome=109.0.5414.120)
Build info: version: '4.6.0', revision: '79f1c02ae20'
System info: os.name: 'Windows 10', os.arch: 'amd64', os.version: '10.0', java.version: '17.0.6'
Driver info: org.openqa.selenium.chrome.ChromeDriver
Command: [48eca6c056510b247dea537c871e402a, clickElement {id=c142f448-0765-4c11-a107-6b3d3e21c9f9}]
Capabilities {acceptInsecureCerts: false, browserName: chrome, browserVersion: 109.0.5414.120, chrome: {chromedriverVersion: 109.0.5414.74 (e7c5703604da..., userDataDir: C:\Users\Ankush\AppData\Loc...}, goog:chromeOptions: {debuggerAddress: localhost:55512}, networkConnectionEnabled: false, pageLoadStrategy: normal, platformName: WINDOWS, proxy: Proxy(), se:cdp: ws://localhost:55512/devtoo..., se:cdpVersion: 109.0.5414.120, setWindowRect: true, strictFileInteractability: false, timeouts: {implicit: 0, pageLoad: 300000, script: 30000}, unhandledPromptBehavior: dismiss and notify, webauthn:extension:credBlob: true, webauthn:extension:largeBlob: true, webauthn:virtualAuthenticators: true}
Element: [[ChromeDriver: chrome on WINDOWS (48eca6c056510b247dea537c871e402a)] -> xpath: (//div[contains(@id,'row3jqxWidget')]//div[@columnindex='5'])[1]]
Session ID: 48eca6c056510b247dea537c871e402a
Wait Statement Succesfully ExceutedS
Click Sucessfully==Delivery Date Field4
cycle 3
Click Sucessfully==Add New==Item Delivery ADD BUTTON
Click Sucessfully====Item code searchbtn
CED - CATHODIC ELECTRO DEPOSITION PROCESS
Wait Statement Succesfully ExceutedS
Wait Statement Succesfully ExceutedS
Click Sucessfully==CED - CATHODIC ELECTRO DEPOSITION PROCESS
005487
Wait Statement Succesfully ExceutedS
Wait Statement Succesfully ExceutedS
Click Sucessfully==22-23/WO/S1 /005487
Wait Statement Succesfully ExceutedS
Click Sucessfully==RE
Click Sucessfully==Add New==Chield grid Add New Button
13112022
13/11/2022of the Item Code Quantity==1
0
Wait Statement Succesfully ExceutedS
Click Sucessfully====Quantity grid1
element click intercepted: Element <div columnindex="5" role="gridcell" style="left: 360px; z-index: 75; width:150px;" class="jqx-grid-cell jqx-grid-cell-imms jqx-item jqx-item-imms jqx-grid-cell-edit jqx-grid-cell-edit-imms" title=""></div> is not clickable at point (450, 422). Other element would receive the click: <input autocomplete="off" style="border: 0px none; position: relative; float: left; padding: 9px 0px; text-align: right; height: 17px; width: 148px; margin-right: 2px;" type="textarea" class="jqx-input-content jqx-input-content-imms jqx-widget-content jqx-widget-content-imms" placeholder="">
  (Session info: chrome=109.0.5414.120)
Build info: version: '4.6.0', revision: '79f1c02ae20'
System info: os.name: 'Windows 10', os.arch: 'amd64', os.version: '10.0', java.version: '17.0.6'
Driver info: org.openqa.selenium.chrome.ChromeDriver
Command: [48eca6c056510b247dea537c871e402a, clickElement {id=7bea96bc-990b-475b-9a64-7061c04acedf}]
Capabilities {acceptInsecureCerts: false, browserName: chrome, browserVersion: 109.0.5414.120, chrome: {chromedriverVersion: 109.0.5414.74 (e7c5703604da..., userDataDir: C:\Users\Ankush\AppData\Loc...}, goog:chromeOptions: {debuggerAddress: localhost:55512}, networkConnectionEnabled: false, pageLoadStrategy: normal, platformName: WINDOWS, proxy: Proxy(), se:cdp: ws://localhost:55512/devtoo..., se:cdpVersion: 109.0.5414.120, setWindowRect: true, strictFileInteractability: false, timeouts: {implicit: 0, pageLoad: 300000, script: 30000}, unhandledPromptBehavior: dismiss and notify, webauthn:extension:credBlob: true, webauthn:extension:largeBlob: true, webauthn:virtualAuthenticators: true}
Element: [[ChromeDriver: chrome on WINDOWS (48eca6c056510b247dea537c871e402a)] -> xpath: (//div[contains(@id,'row0jqxWidget')]//div[@columnindex='5'])[2]]
Session ID: 48eca6c056510b247dea537c871e402a
Click Sucessfully====Quantity grid1
element click intercepted: Element <div columnindex="5" role="gridcell" style="left: 360px; z-index: 75; width:150px;" class="jqx-grid-cell jqx-grid-cell-imms jqx-item jqx-item-imms jqx-grid-cell-edit jqx-grid-cell-edit-imms" title=""></div> is not clickable at point (450, 422). Other element would receive the click: <input autocomplete="off" style="border: 0px none; position: relative; float: left; padding: 9px 0px; text-align: right; height: 17px; width: 148px; margin-right: 2px;" type="textarea" class="jqx-input-content jqx-input-content-imms jqx-widget-content jqx-widget-content-imms" placeholder="">
  (Session info: chrome=109.0.5414.120)
Build info: version: '4.6.0', revision: '79f1c02ae20'
System info: os.name: 'Windows 10', os.arch: 'amd64', os.version: '10.0', java.version: '17.0.6'
Driver info: org.openqa.selenium.chrome.ChromeDriver
Command: [48eca6c056510b247dea537c871e402a, clickElement {id=7bea96bc-990b-475b-9a64-7061c04acedf}]
Capabilities {acceptInsecureCerts: false, browserName: chrome, browserVersion: 109.0.5414.120, chrome: {chromedriverVersion: 109.0.5414.74 (e7c5703604da..., userDataDir: C:\Users\Ankush\AppData\Loc...}, goog:chromeOptions: {debuggerAddress: localhost:55512}, networkConnectionEnabled: false, pageLoadStrategy: normal, platformName: WINDOWS, proxy: Proxy(), se:cdp: ws://localhost:55512/devtoo..., se:cdpVersion: 109.0.5414.120, setWindowRect: true, strictFileInteractability: false, timeouts: {implicit: 0, pageLoad: 300000, script: 30000}, unhandledPromptBehavior: dismiss and notify, webauthn:extension:credBlob: true, webauthn:extension:largeBlob: true, webauthn:virtualAuthenticators: true}
Element: [[ChromeDriver: chrome on WINDOWS (48eca6c056510b247dea537c871e402a)] -> xpath: (//div[contains(@id,'row0jqxWidget')]//div[@columnindex='5'])[2]]
Session ID: 48eca6c056510b247dea537c871e402a
Wait Statement Succesfully ExceutedS
Click Sucessfully==Delivery Field 1
cycle 0
Click Sucessfully==Save button
Thread succsfully applied time ==30000ms
Wait Statement Succesfully ExceutedS
New generated LRC NUmber==000345
]]></system-out>
  </testcase>
</testsuite>