<?xml version="1.0" encoding="UTF-8"?>
<!-- Generated by org.testng.reporters.JUnitReportReporter -->
<testsuite hostname="PC07" failures="0" tests="4" name="purchase.IndentEntry" time="357.349" errors="0" timestamp="2023-02-06T18:36:42 IST" skipped="2">
  <testcase classname="purchase.IndentEntry" name="Login" time="30.304"/>
  <system-out>
    <![CDATA[Connection  String value succesfully send == <b>Server=PC43\SQLEXPRESS;Database=QCNHADMPETPL;uid=sa;pwd=;Max Pool Size=1000;Connection TimeOut= 3000;</b>
Username value succesfully send == <b>su</b>
Password value succesfully send == <b>super</b>
Click Sucessfully == Login Button
Dropdown  Company selected==QC's Parle Elizabeth Tools QC LTD
Dropdown  Company/Location selected==QC Site PARLE ELI-PRD
Click Sucessfully == submit Button]]>
  </system-out>
  <testcase classname="purchase.IndentEntry" name="INDENT003" time="327.045"/>
  <system-out>
    <![CDATA[<b><FONT COLOR=\"1f7a1f\">Test Case ID==INDENT003</FONT></b>
<b><FONT COLOR=\"1f7a1f\">Test Case Description==Test Case For Indent Of two Item Code with multiple Delivery schedule as Per ReQuirement </FONT></b>
Click Sucessfully == PurchaseModule
Click Sucessfully == IndentEntry
Click Sucessfully == AddNewBtn
Click sucessfully==IntentReqBy
Option Sucessfully Selected==<b>IntentReqBy==MSD-Mahendra S Doshi</b>
Click Sucessfully==
Click Sucessfully==
Click Sucessfully==
Click Sucessfully==
Click Sucessfully==
Click Sucessfully==9
Click Sucessfully==Next
Click Sucessfully==Next
Click Sucessfully==Add New
Item code Seacrch text box value succesfully send == <b>W03049130422</b>
Click Sucessfully==item code
Click Sucessfully == Add new second btn
Quantity Field  1 value succesfully send == <b>10</b>
Click Sucessfully==
Delivery Date 1 value succesfully send == <b>25102022</b>
Click Sucessfully == Add new second btn
Quantity Field  2 value succesfully send == <b>25</b>
Click Sucessfully==
Delivery Date 2 value succesfully send == <b>27102022</b>
Click Sucessfully == Add new second btn
Quantity Field  3 value succesfully send == <b>35</b>
Click Sucessfully==
Delivery Date 3 value succesfully send == <b>29102022</b>
Click Sucessfully == Add new second btn
Quantity Field  4 value succesfully send == <b>40</b>
Click Sucessfully==
Delivery Date 4 value succesfully send == <b>30102022</b>
Click Sucessfully == Add new second btn
Quantity Field  5 value succesfully send == <b>41</b>
Click Sucessfully==
Delivery Date 5 value succesfully send == <b>01112022</b>
Item code Seacrch text box value succesfully send == <b>1110714L</b>
Click Sucessfully==item code
Click Sucessfully == Add new second btn
Quantity Field  1 value succesfully send == <b>20</b>
Click Sucessfully==
Delivery Date 1 value succesfully send == <b>29102022</b>
Click Sucessfully == Add new second btn
Quantity Field  2 value succesfully send == <b>21</b>
Click Sucessfully==
Delivery Date 2 value succesfully send == <b>30102022</b>
Click Sucessfully == Add new second btn
Quantity Field  3 value succesfully send == <b>22</b>
Click Sucessfully==
Delivery Date 3 value succesfully send == <b>20112022</b>
Click Sucessfully == Add new second btn
Quantity Field  4 value succesfully send == <b>23</b>
Click Sucessfully==
Delivery Date 4 value succesfully send == <b>23112022</b>
Click Sucessfully == Add new second btn
Quantity Field  5 value succesfully send == <b>23</b>
Click Sucessfully==
Delivery Date 5 value succesfully send == <b>25112022</b>
Click Sucessfully==Save
Click Sucessfully==
<b><FONT COLOR=\"1f1f7a\">New generated Indent Number==000309</FONT></b>
Indent Details   Authorized SuccessFully]]>
  </system-out>
  <testcase classname="purchase.IndentEntry" name="test_00">
    <skipped/>
  </testcase> <!-- test_00 -->
  <system-out/>
  <testcase classname="purchase.IndentEntry" name="test_02">
    <skipped/>
  </testcase> <!-- test_02 -->
  <system-out/>
</testsuite> <!-- purchase.IndentEntry -->
