<?xml version="1.0" encoding="UTF-8"?>
<!-- Generated by org.testng.reporters.JUnitReportReporter -->
<testsuite hostname="PC106" failures="0" tests="2" name="COM.TEST.Test_01" time="262.736" errors="0" timestamp="2022-11-28T17:48:40 IST" skipped="1">
  <testcase classname="COM.TEST.Test_01" name="fouritem" time="262.736"/>
  <system-out>
    <![CDATA[Connection  String value succesfully send == <b>Server=PC43\SQLEXPRESS;Database=QCNHADMPETPL;uid=sa;pwd=;Max Pool Size=1000;Connection TimeOut= 3000;</b>
Username value succesfully send == <b>su</b>
Password value succesfully send == <b>us</b>
Click Sucessfully == Login Button
Dropdown  Company selected==QC's Parle Elizabeth Tools QC LTD
Dropdown  Company/Location selected==QC Site PARLE ELI-PRD
Click Sucessfully == submit Button
Click Sucessfully == MAterial Module
Click Sucessfully == Item MAster BAsic Details Entry
Click Sucessfully == Add new Button
ItemDesc value succesfully send == <b>Friday  the ITEM DESCRIPTION it is an alloy</b>
ItemDetailDesc value succesfully send == <b>ITeM DETAILS IN DEscription it is an  this is added at friday</b>
ItemaddDetailDesc value succesfully send == <b>Item add detailes decription gold is golden</b>
Click sucessfully==Class
Option Sucessfully Selected==<b>Class==ANKUS - MY FIRST CLASS</b>
Click sucessfully==Subclass
Option Sucessfully Selected==<b>Subclass==MSUB - MSUB FIRST CLASS</b>
Click sucessfully==MOC
Option Sucessfully Selected==<b>MOC==ALLUMINIUN</b>
Click sucessfully==ItemType
Option Sucessfully Selected==<b>ItemType==Fixed Assets</b>
Click sucessfully==UOM
Option Sucessfully Selected==<b>UOM==KG - Kilogram</b>
Click Sucessfully == Save Button
Screenshot taken Succesfully==D:\Users\Ankush\eclipse-workspace\NEW_HORIZON\ScreenShots\Coppert.png
Click Sucessfully == Add new Button
ItemDesc value succesfully send == <b>Friday  the ITEM DESCRIPTION it is an alloy</b>
ItemDetailDesc value succesfully send == <b>ITeM DETAILS IN DEscription it is an  this is added at friday</b>
ItemaddDetailDesc value succesfully send == <b>Item add detailes decription gold is golden</b>
Click sucessfully==Class
Option Sucessfully Selected==<b>Class==ANKUS - MY FIRST CLASS</b>
Click sucessfully==Subclass
Option Sucessfully Selected==<b>Subclass==MSUB - MSUB FIRST CLASS</b>
Click sucessfully==MOC
Option Sucessfully Selected==<b>MOC==ALLUMINIUN</b>
Click sucessfully==ItemType
Option Sucessfully Selected==<b>ItemType==Ready Sub Assembly</b>
Click sucessfully==UOM
Option Sucessfully Selected==<b>UOM==KG - Kilogram</b>
Click Sucessfully == Save Button
Screenshot taken Succesfully==D:\Users\Ankush\eclipse-workspace\NEW_HORIZON\ScreenShots\CopperS.png
Click Sucessfully == Add new Button
ItemDesc value succesfully send == <b>Friday  the ITEM DESCRIPTION it is an alloy</b>
ItemDetailDesc value succesfully send == <b>ITeM DETAILS IN DEscription it is an  this is added at friday</b>
ItemaddDetailDesc value succesfully send == <b>Item add detailes decription gold is golden</b>
Click sucessfully==Class
Option Sucessfully Selected==<b>Class==ANKUS - MY FIRST CLASS</b>
Click sucessfully==Subclass
Option Sucessfully Selected==<b>Subclass==MSUB - MSUB FIRST CLASS</b>
Click sucessfully==MOC
Option Sucessfully Selected==<b>MOC==ALLUMINIUN</b>
Click sucessfully==ItemType
Option Sucessfully Selected==<b>ItemType==Bought out</b>
Click sucessfully==UOM
Option Sucessfully Selected==<b>UOM==KG - Kilogram</b>
Click Sucessfully == Save Button
Screenshot taken Succesfully==D:\Users\Ankush\eclipse-workspace\NEW_HORIZON\ScreenShots\Copperb.png]]>
  </system-out>
  <testcase classname="COM.TEST.Test_01" name="m1">
    <skipped/>
  </testcase> <!-- m1 -->
  <system-out/>
</testsuite> <!-- COM.TEST.Test_01 -->
